<?xml version="1.0" encoding="UTF-8"?>
<testng-results ignored="0" total="1" passed="1" failed="0" skipped="0">
  <reporter-output>
  </reporter-output>
  <suite started-at="2024-12-26T13:30:35 IST" name="Default suite" finished-at="2024-12-26T13:30:39 IST" duration-ms="3467">
    <groups>
    </groups>
    <test started-at="2024-12-26T13:30:35 IST" name="Default test" finished-at="2024-12-26T13:30:39 IST" duration-ms="3467">
      <class name="com.crm.testscript.CampaignModule">
        <test-method signature="createCampaign()[pri:0, instance:com.crm.testscript.CampaignModule@158da8e]" started-at="2024-12-26T13:30:35 IST" name="createCampaign" finished-at="2024-12-26T13:30:39 IST" duration-ms="3426" status="PASS">
          <reporter-output>
          </reporter-output>
        </test-method> <!-- createCampaign -->
      </class> <!-- com.crm.testscript.CampaignModule -->
    </test> <!-- Default test -->
  </suite> <!-- Default suite -->
</testng-results>
